<?xml version="1.0" encoding="UTF-8"?>
<!-- Generated by org.testng.reporters.JUnitReportReporter -->
<testsuite hostname="DESKTOP-MOK7TM7" failures="0" tests="1" name="testngpkg.Ebay" time="3.753" errors="0" timestamp="2023-10-20T15:19:09 IST" skipped="0">
  <testcase classname="testngpkg.Ebay" name="test" time="3.753"/>
  <system-out/>
</testsuite> <!-- testngpkg.Ebay -->
