<?xml version="1.0" encoding="UTF-8"?>
<!-- Generated by org.testng.reporters.JUnitReportReporter -->
<testsuite hostname="DESKTOP-MOK7TM7" failures="0" tests="1" name="testngpkg.Doubleandrightclick" time="0.783" errors="0" timestamp="2023-10-20T14:42:18 IST" skipped="0">
  <testcase classname="testngpkg.Doubleandrightclick" name="test" time="0.783"/>
  <system-out/>
</testsuite> <!-- testngpkg.Doubleandrightclick -->
