<?xml version="1.0" encoding="UTF-8"?>
<!-- Generated by org.testng.reporters.JUnitReportReporter -->
<testsuite hostname="DESKTOP-MOK7TM7" failures="0" tests="1" name="testngpkg.Datepicker" time="1.250" errors="0" timestamp="2023-10-30T14:10:30 IST" skipped="0">
  <testcase classname="testngpkg.Datepicker" name="datepicker" time="1.250"/>
  <system-out/>
</testsuite> <!-- testngpkg.Datepicker -->
