<?xml version="1.0" encoding="UTF-8"?>
<!-- Generated by org.testng.reporters.JUnitReportReporter -->
<testsuite hostname="DESKTOP-MOK7TM7" failures="0" tests="1" name="testngpkg.Datadriven" time="4.616" errors="0" timestamp="2023-10-27T14:15:16 IST" skipped="0">
  <testcase classname="testngpkg.Datadriven" name="test" time="4.616"/>
  <system-out/>
</testsuite> <!-- testngpkg.Datadriven -->
