<?xml version="1.0" encoding="UTF-8"?>
<!-- Generated by org.testng.reporters.JUnitReportReporter -->
<testsuite hostname="DESKTOP-MOK7TM7" failures="0" tests="1" name="testngpkg.Fblogin" time="0.369" errors="0" timestamp="2023-10-19T14:17:37 IST" skipped="0">
  <testcase classname="testngpkg.Fblogin" name="test" time="0.369"/>
  <system-out/>
</testsuite> <!-- testngpkg.Fblogin -->
