<?xml version="1.0" encoding="UTF-8"?>
<!-- Generated by org.testng.reporters.JUnitReportReporter -->
<testsuite hostname="DESKTOP-MOK7TM7" failures="0" tests="3" name="testngpkg.Crossbrowsertesting" time="9.556" errors="0" timestamp="2023-10-25T14:19:48 IST" skipped="0">
  <testcase classname="testngpkg.Crossbrowsertesting" name="test" time="4.835"/>
  <system-out/>
  <testcase classname="testngpkg.Crossbrowsertesting" name="test" time="1.962"/>
  <system-out/>
  <testcase classname="testngpkg.Crossbrowsertesting" name="test" time="2.759"/>
  <system-out/>
</testsuite> <!-- testngpkg.Crossbrowsertesting -->
