<?xml version="1.0" encoding="UTF-8"?>
<!-- Generated by org.testng.reporters.JUnitReportReporter -->
<testsuite hostname="DESKTOP-MOK7TM7" failures="0" tests="1" name="testngpkg.Fbtitleverification" time="0.021" errors="0" timestamp="2023-10-31T14:31:34 IST" skipped="0">
  <testcase classname="testngpkg.Fbtitleverification" name="test" time="0.021"/>
  <system-out/>
</testsuite> <!-- testngpkg.Fbtitleverification -->
