<?xml version="1.0" encoding="UTF-8"?>
<!-- Generated by org.testng.reporters.JUnitReportReporter -->
<testsuite hostname="DESKTOP-MOK7TM7" failures="0" tests="1" name="testngpkg.Draganddrop" time="0.419" errors="0" timestamp="2023-10-25T13:55:19 IST" skipped="0">
  <testcase classname="testngpkg.Draganddrop" name="draganddrop" time="0.419"/>
  <system-out/>
</testsuite> <!-- testngpkg.Draganddrop -->
