<?xml version="1.0" encoding="UTF-8"?>
<!-- Generated by org.testng.reporters.JUnitReportReporter -->
<testsuite hostname="DESKTOP-MOK7TM7" failures="0" tests="2" name="testngpkg.TestngDemo" time="0.018" errors="0" timestamp="2023-10-18T14:51:53 IST" skipped="0">
  <testcase classname="testngpkg.TestngDemo" name="test1" time="0.015"/>
  <system-out/>
  <testcase classname="testngpkg.TestngDemo" name="test2" time="0.003"/>
  <system-out/>
</testsuite> <!-- testngpkg.TestngDemo -->
